<?xml version="1.0" encoding="UTF-8"?>
<!-- Generated by org.testng.reporters.JUnitReportReporter -->
<testsuite hostname="LAPTOP-199US5OP" failures="0" tests="1" name="com.flipkart.testing.Login" time="5.732" errors="0" timestamp="2023-03-10T04:21:41 IST" skipped="0">
  <testcase classname="com.flipkart.testing.Login" name="homePage" time="5.732"/>
  <system-out/>
</testsuite> <!-- com.flipkart.testing.Login -->
